
*** Running vivado
    with args -log main.vds -m64 -product Vivado -mode batch -messageDb vivado.pb -notrace -source main.tcl



****** Vivado v2020.1 (64-bit)
  **** SW Build 2902540 on Wed May 27 19:54:49 MDT 2020
  **** IP Build 2902112 on Wed May 27 22:43:36 MDT 2020
    ** Copyright 1986-2020 Xilinx, Inc. All Rights Reserved.

source main.tcl -notrace
Command: synth_design -top main -part xa7a35tcpg236-1I
Starting synth_design
Attempting to get a license for feature 'Synthesis' and/or device 'xa7a35t'
INFO: [Common 17-349] Got license for feature 'Synthesis' and/or device 'xa7a35t'
INFO: [Device 21-403] Loading part xa7a35tcpg236-1I
INFO: [Synth 8-7079] Multithreading enabled for synth_design using a maximum of 2 processes.
INFO: [Synth 8-7078] Launching helper process for spawning children vivado processes
INFO: [Synth 8-7075] Helper process launched with PID 9080
---------------------------------------------------------------------------------
Starting RTL Elaboration : Time (s): cpu = 00:00:10 ; elapsed = 00:00:12 . Memory (MB): peak = 1018.898 ; gain = 0.000
---------------------------------------------------------------------------------
INFO: [Synth 8-638] synthesizing module 'main' [C:/Users/user-pc/Documents/Projetos Vivado/Atividade_Semana_12/Atividade_Semana_12.srcs/sources_1/new/main.vhd:13]
INFO: [Synth 8-3491] module 'mux_2' declared at 'C:/Users/user-pc/Documents/Projetos Vivado/Atividade_Semana_12/Atividade_Semana_12.srcs/sources_1/new/mux_2.vhd:4' bound to instance 'st1' of component 'mux_2' [C:/Users/user-pc/Documents/Projetos Vivado/Atividade_Semana_12/Atividade_Semana_12.srcs/sources_1/new/main.vhd:36]
INFO: [Synth 8-638] synthesizing module 'mux_2' [C:/Users/user-pc/Documents/Projetos Vivado/Atividade_Semana_12/Atividade_Semana_12.srcs/sources_1/new/mux_2.vhd:11]
INFO: [Synth 8-256] done synthesizing module 'mux_2' (1#1) [C:/Users/user-pc/Documents/Projetos Vivado/Atividade_Semana_12/Atividade_Semana_12.srcs/sources_1/new/mux_2.vhd:11]
INFO: [Synth 8-3491] module 'bcd_7s' declared at 'C:/Users/user-pc/Documents/Projetos Vivado/Atividade_Semana_12/Atividade_Semana_12.srcs/sources_1/new/bcd_7s.vhd:4' bound to instance 'st2' of component 'bcd_7s' [C:/Users/user-pc/Documents/Projetos Vivado/Atividade_Semana_12/Atividade_Semana_12.srcs/sources_1/new/main.vhd:37]
INFO: [Synth 8-638] synthesizing module 'bcd_7s' [C:/Users/user-pc/Documents/Projetos Vivado/Atividade_Semana_12/Atividade_Semana_12.srcs/sources_1/new/bcd_7s.vhd:9]
INFO: [Synth 8-256] done synthesizing module 'bcd_7s' (2#1) [C:/Users/user-pc/Documents/Projetos Vivado/Atividade_Semana_12/Atividade_Semana_12.srcs/sources_1/new/bcd_7s.vhd:9]
INFO: [Synth 8-3491] module 'display_sel' declared at 'C:/Users/user-pc/Documents/Projetos Vivado/Atividade_Semana_12/Atividade_Semana_12.srcs/sources_1/new/display_sel.vhd:4' bound to instance 'st3' of component 'display_sel' [C:/Users/user-pc/Documents/Projetos Vivado/Atividade_Semana_12/Atividade_Semana_12.srcs/sources_1/new/main.vhd:38]
INFO: [Synth 8-638] synthesizing module 'display_sel' [C:/Users/user-pc/Documents/Projetos Vivado/Atividade_Semana_12/Atividade_Semana_12.srcs/sources_1/new/display_sel.vhd:9]
INFO: [Synth 8-226] default block is never used [C:/Users/user-pc/Documents/Projetos Vivado/Atividade_Semana_12/Atividade_Semana_12.srcs/sources_1/new/display_sel.vhd:13]
INFO: [Synth 8-256] done synthesizing module 'display_sel' (3#1) [C:/Users/user-pc/Documents/Projetos Vivado/Atividade_Semana_12/Atividade_Semana_12.srcs/sources_1/new/display_sel.vhd:9]
INFO: [Synth 8-256] done synthesizing module 'main' (4#1) [C:/Users/user-pc/Documents/Projetos Vivado/Atividade_Semana_12/Atividade_Semana_12.srcs/sources_1/new/main.vhd:13]
---------------------------------------------------------------------------------
Finished RTL Elaboration : Time (s): cpu = 00:00:12 ; elapsed = 00:00:15 . Memory (MB): peak = 1018.898 ; gain = 0.000
---------------------------------------------------------------------------------
---------------------------------------------------------------------------------
Start Handling Custom Attributes
---------------------------------------------------------------------------------
---------------------------------------------------------------------------------
Finished Handling Custom Attributes : Time (s): cpu = 00:00:13 ; elapsed = 00:00:16 . Memory (MB): peak = 1018.898 ; gain = 0.000
---------------------------------------------------------------------------------
---------------------------------------------------------------------------------
Finished RTL Optimization Phase 1 : Time (s): cpu = 00:00:13 ; elapsed = 00:00:16 . Memory (MB): peak = 1018.898 ; gain = 0.000
---------------------------------------------------------------------------------
Netlist sorting complete. Time (s): cpu = 00:00:00 ; elapsed = 00:00:00.001 . Memory (MB): peak = 1018.898 ; gain = 0.000
INFO: [Project 1-570] Preparing netlist for logic optimization

Processing XDC Constraints
Initializing timing engine
Parsing XDC File [C:/Users/user-pc/Documents/Projetos Vivado/Atividade_Semana_12/Atividade_Semana_12.srcs/constrs_1/imports/Projetos Vivado/Basys3_Master.xdc]
Finished Parsing XDC File [C:/Users/user-pc/Documents/Projetos Vivado/Atividade_Semana_12/Atividade_Semana_12.srcs/constrs_1/imports/Projetos Vivado/Basys3_Master.xdc]
INFO: [Project 1-236] Implementation specific constraints were found while reading constraint file [C:/Users/user-pc/Documents/Projetos Vivado/Atividade_Semana_12/Atividade_Semana_12.srcs/constrs_1/imports/Projetos Vivado/Basys3_Master.xdc]. These constraints will be ignored for synthesis but will be used in implementation. Impacted constraints are listed in the file [.Xil/main_propImpl.xdc].
Resolution: To avoid this warning, move constraints listed in [.Xil/main_propImpl.xdc] to another XDC file and exclude this new file from synthesis with the used_in_synthesis property (File Properties dialog in GUI) and re-run elaboration/synthesis.
Completed Processing XDC Constraints

Netlist sorting complete. Time (s): cpu = 00:00:00 ; elapsed = 00:00:00.001 . Memory (MB): peak = 1018.898 ; gain = 0.000
INFO: [Project 1-111] Unisim Transformation Summary:
No Unisim elements were transformed.

Constraint Validation Runtime : Time (s): cpu = 00:00:00 ; elapsed = 00:00:00.005 . Memory (MB): peak = 1018.898 ; gain = 0.000
---------------------------------------------------------------------------------
Finished Constraint Validation : Time (s): cpu = 00:00:28 ; elapsed = 00:00:32 . Memory (MB): peak = 1018.898 ; gain = 0.000
---------------------------------------------------------------------------------
---------------------------------------------------------------------------------
Start Loading Part and Timing Information
---------------------------------------------------------------------------------
Loading part: xa7a35tcpg236-1I
---------------------------------------------------------------------------------
Finished Loading Part and Timing Information : Time (s): cpu = 00:00:28 ; elapsed = 00:00:32 . Memory (MB): peak = 1018.898 ; gain = 0.000
---------------------------------------------------------------------------------
---------------------------------------------------------------------------------
Start Applying 'set_property' XDC Constraints
---------------------------------------------------------------------------------
---------------------------------------------------------------------------------
Finished applying 'set_property' XDC Constraints : Time (s): cpu = 00:00:28 ; elapsed = 00:00:32 . Memory (MB): peak = 1018.898 ; gain = 0.000
---------------------------------------------------------------------------------
---------------------------------------------------------------------------------
Finished RTL Optimization Phase 2 : Time (s): cpu = 00:00:29 ; elapsed = 00:00:32 . Memory (MB): peak = 1018.898 ; gain = 0.000
---------------------------------------------------------------------------------
---------------------------------------------------------------------------------
Start RTL Component Statistics 
---------------------------------------------------------------------------------
Detailed RTL Component Info : 
+---Muxes : 
	   2 Input    4 Bit        Muxes := 2     
---------------------------------------------------------------------------------
Finished RTL Component Statistics 
---------------------------------------------------------------------------------
---------------------------------------------------------------------------------
Start Part Resource Summary
---------------------------------------------------------------------------------
Part Resources:
DSPs: 90 (col length:60)
BRAMs: 100 (col length: RAMB18 60 RAMB36 30)
---------------------------------------------------------------------------------
Finished Part Resource Summary
---------------------------------------------------------------------------------
---------------------------------------------------------------------------------
Start Cross Boundary and Area Optimization
---------------------------------------------------------------------------------
---------------------------------------------------------------------------------
Finished Cross Boundary and Area Optimization : Time (s): cpu = 00:00:32 ; elapsed = 00:00:36 . Memory (MB): peak = 1018.898 ; gain = 0.000
---------------------------------------------------------------------------------
---------------------------------------------------------------------------------
Start Applying XDC Timing Constraints
---------------------------------------------------------------------------------
---------------------------------------------------------------------------------
Finished Applying XDC Timing Constraints : Time (s): cpu = 00:00:50 ; elapsed = 00:00:55 . Memory (MB): peak = 1018.898 ; gain = 0.000
---------------------------------------------------------------------------------
---------------------------------------------------------------------------------
Start Timing Optimization
---------------------------------------------------------------------------------
---------------------------------------------------------------------------------
Finished Timing Optimization : Time (s): cpu = 00:00:50 ; elapsed = 00:00:55 . Memory (MB): peak = 1018.898 ; gain = 0.000
---------------------------------------------------------------------------------
---------------------------------------------------------------------------------
Start Technology Mapping
---------------------------------------------------------------------------------
---------------------------------------------------------------------------------
Finished Technology Mapping : Time (s): cpu = 00:00:50 ; elapsed = 00:00:55 . Memory (MB): peak = 1018.898 ; gain = 0.000
---------------------------------------------------------------------------------
---------------------------------------------------------------------------------
Start IO Insertion
---------------------------------------------------------------------------------
---------------------------------------------------------------------------------
Start Flattening Before IO Insertion
---------------------------------------------------------------------------------
---------------------------------------------------------------------------------
Finished Flattening Before IO Insertion
---------------------------------------------------------------------------------
---------------------------------------------------------------------------------
Start Final Netlist Cleanup
---------------------------------------------------------------------------------
---------------------------------------------------------------------------------
Finished Final Netlist Cleanup
---------------------------------------------------------------------------------
---------------------------------------------------------------------------------
Finished IO Insertion : Time (s): cpu = 00:01:05 ; elapsed = 00:01:10 . Memory (MB): peak = 1018.898 ; gain = 0.000
---------------------------------------------------------------------------------
---------------------------------------------------------------------------------
Start Renaming Generated Instances
---------------------------------------------------------------------------------
---------------------------------------------------------------------------------
Finished Renaming Generated Instances : Time (s): cpu = 00:01:05 ; elapsed = 00:01:10 . Memory (MB): peak = 1018.898 ; gain = 0.000
---------------------------------------------------------------------------------
---------------------------------------------------------------------------------
Start Rebuilding User Hierarchy
---------------------------------------------------------------------------------
---------------------------------------------------------------------------------
Finished Rebuilding User Hierarchy : Time (s): cpu = 00:01:05 ; elapsed = 00:01:10 . Memory (MB): peak = 1018.898 ; gain = 0.000
---------------------------------------------------------------------------------
---------------------------------------------------------------------------------
Start Renaming Generated Ports
---------------------------------------------------------------------------------
---------------------------------------------------------------------------------
Finished Renaming Generated Ports : Time (s): cpu = 00:01:05 ; elapsed = 00:01:10 . Memory (MB): peak = 1018.898 ; gain = 0.000
---------------------------------------------------------------------------------
---------------------------------------------------------------------------------
Start Handling Custom Attributes
---------------------------------------------------------------------------------
---------------------------------------------------------------------------------
Finished Handling Custom Attributes : Time (s): cpu = 00:01:05 ; elapsed = 00:01:10 . Memory (MB): peak = 1018.898 ; gain = 0.000
---------------------------------------------------------------------------------
---------------------------------------------------------------------------------
Start Renaming Generated Nets
---------------------------------------------------------------------------------
---------------------------------------------------------------------------------
Finished Renaming Generated Nets : Time (s): cpu = 00:01:05 ; elapsed = 00:01:10 . Memory (MB): peak = 1018.898 ; gain = 0.000
---------------------------------------------------------------------------------
---------------------------------------------------------------------------------
Start Writing Synthesis Report
---------------------------------------------------------------------------------

Report BlackBoxes: 
+-+--------------+----------+
| |BlackBox name |Instances |
+-+--------------+----------+
+-+--------------+----------+

Report Cell Usage: 
+------+-----+------+
|      |Cell |Count |
+------+-----+------+
|1     |LUT1 |     1|
|2     |LUT3 |     3|
|3     |LUT6 |     7|
|4     |IBUF |     9|
|5     |OBUF |    11|
+------+-----+------+
---------------------------------------------------------------------------------
Finished Writing Synthesis Report : Time (s): cpu = 00:01:05 ; elapsed = 00:01:10 . Memory (MB): peak = 1018.898 ; gain = 0.000
---------------------------------------------------------------------------------
Synthesis finished with 0 errors, 0 critical warnings and 0 warnings.
Synthesis Optimization Runtime : Time (s): cpu = 00:00:47 ; elapsed = 00:01:06 . Memory (MB): peak = 1018.898 ; gain = 0.000
Synthesis Optimization Complete : Time (s): cpu = 00:01:05 ; elapsed = 00:01:11 . Memory (MB): peak = 1018.898 ; gain = 0.000
INFO: [Project 1-571] Translating synthesized netlist
Netlist sorting complete. Time (s): cpu = 00:00:00 ; elapsed = 00:00:00.001 . Memory (MB): peak = 1018.898 ; gain = 0.000
INFO: [Project 1-570] Preparing netlist for logic optimization
INFO: [Opt 31-138] Pushed 0 inverter(s) to 0 load pin(s).
Netlist sorting complete. Time (s): cpu = 00:00:00 ; elapsed = 00:00:00 . Memory (MB): peak = 1018.898 ; gain = 0.000
INFO: [Project 1-111] Unisim Transformation Summary:
No Unisim elements were transformed.

INFO: [Common 17-83] Releasing license: Synthesis
25 Infos, 0 Warnings, 0 Critical Warnings and 0 Errors encountered.
synth_design completed successfully
synth_design: Time (s): cpu = 00:01:17 ; elapsed = 00:01:25 . Memory (MB): peak = 1018.898 ; gain = 0.000
INFO: [Common 17-1381] The checkpoint 'C:/Users/user-pc/Documents/Projetos Vivado/Atividade_Semana_12/Atividade_Semana_12.runs/synth_1/main.dcp' has been generated.
INFO: [runtcl-4] Executing : report_utilization -file main_utilization_synth.rpt -pb main_utilization_synth.pb
INFO: [Common 17-206] Exiting Vivado at Wed Oct 13 19:14:10 2021...
